[2026-04-28 01:31:00] Searching for Whisper training process...
[2026-04-28 01:31:00] Found training PID: 596186
[2026-04-28 01:31:00] Process command:
    PID     ELAPSED %CPU %MEM CMD
 596186    01:12:01  279  3.5 python training/train_whisper_small.py --run-name whisper-small-phase03-full-20260428-001840 --run-type phase03_full_finetune --notes Phase 03 first full fine-tune on full normalized train/valid split --train-samples 0 --valid-samples 0 --max-steps -1 --num-train-epochs 3 --per-device-train-batch-size 4 --per-device-eval-batch-size 4 --gradient-accumulation-steps 4 --learning-rate 1e-5 --warmup-ratio 0.1 --eval-steps 250 --save-steps 250 --logging-steps 25 --save-total-limit 3 --dataloader-num-workers 2 --gradient-checkpointing --group-by-length --precision auto
[2026-04-28 01:31:00] Requesting sudo now so shutdown can run later...
[2026-04-28 01:31:03] Monitoring training process. Laptop will shut down when PID 596186 exits.
[2026-04-28 01:31:03] Training still running. GPU: 70, 84, 6879, 8151, 54.16
[2026-04-28 01:32:03] Training still running. GPU: 71, 97, 6879, 8151, 55.10
[2026-04-28 01:33:03] Training still running. GPU: 72, 99, 6879, 8151, 54.95
[2026-04-28 01:34:04] Training still running. GPU: 72, 98, 6879, 8151, 55.35
[2026-04-28 01:35:04] Training still running. GPU: 71, 97, 6879, 8151, 55.14
[2026-04-28 01:36:04] Training still running. GPU: 71, 97, 6879, 8151, 55.02
[2026-04-28 01:37:04] Training still running. GPU: 70, 100, 6879, 8151, 55.05
[2026-04-28 01:38:04] Training still running. GPU: 69, 86, 6879, 8151, 55.34
[2026-04-28 01:39:04] Training still running. GPU: 69, 84, 6879, 8151, 54.67
[2026-04-28 01:40:04] Training still running. GPU: 72, 97, 6879, 8151, 54.30
[2026-04-28 01:41:04] Training still running. GPU: 71, 97, 6879, 8151, 54.86
[2026-04-28 01:42:04] Training still running. GPU: 71, 99, 6879, 8151, 54.91
[2026-04-28 01:43:04] Training still running. GPU: 71, 96, 6879, 8151, 54.84
[2026-04-28 01:44:04] Training still running. GPU: 72, 98, 6879, 8151, 54.91
[2026-04-28 01:45:04] Training still running. GPU: 73, 100, 6879, 8151, 54.77
[2026-04-28 01:46:04] Training still running. GPU: 72, 97, 6879, 8151, 54.88
[2026-04-28 01:47:04] Training still running. GPU: 71, 97, 6879, 8151, 54.06
[2026-04-28 01:48:04] Training still running. GPU: 70, 86, 6879, 8151, 54.83
[2026-04-28 01:49:04] Training still running. GPU: 66, 16, 6879, 8151, 9.46
[2026-04-28 01:50:04] Training still running. GPU: 73, 97, 6879, 8151, 54.49
[2026-04-28 01:51:04] Training still running. GPU: 66, 0, 6879, 8151, 8.32
[2026-04-28 01:52:04] Training still running. GPU: 56, 0, 6879, 8151, 3.93
[2026-04-28 01:53:04] Training still running. GPU: 53, 0, 6879, 8151, 3.89
[2026-04-28 01:54:04] Training still running. GPU: 53, 0, 6879, 8151, 3.88
[2026-04-28 01:55:04] Training still running. GPU: 53, 0, 6879, 8151, 3.86
[2026-04-28 01:56:04] Training still running. GPU: 63, 100, 6879, 8151, 54.99
[2026-04-28 01:57:04] Training still running. GPU: 67, 98, 6879, 8151, 54.76
[2026-04-28 01:58:04] Training still running. GPU: 69, 98, 6879, 8151, 54.82
[2026-04-28 01:59:04] Training still running. GPU: 70, 97, 6879, 8151, 54.83
[2026-04-28 02:00:04] Training still running. GPU: 67, 86, 6879, 8151, 54.09
[2026-04-28 02:01:04] Training still running. GPU: 69, 86, 6881, 8151, 54.68
[2026-04-28 02:02:04] Training still running. GPU: 72, 100, 6881, 8151, 54.58
[2026-04-28 02:03:04] Training still running. GPU: 71, 98, 6881, 8151, 55.11
[2026-04-28 02:04:04] Training still running. GPU: 71, 97, 6881, 8151, 54.86
[2026-04-28 02:05:04] Training still running. GPU: 72, 97, 6881, 8151, 54.96
[2026-04-28 02:06:04] Training still running. GPU: 72, 99, 6881, 8151, 54.96
[2026-04-28 02:07:04] Training still running. GPU: 72, 98, 6881, 8151, 54.81
[2026-04-28 02:08:04] Training still running. GPU: 72, 100, 6881, 8151, 54.72
[2026-04-28 02:09:04] Training still running. GPU: 69, 85, 6881, 8151, 54.11
[2026-04-28 02:10:05] Training still running. GPU: 71, 97, 6881, 8151, 54.87
[2026-04-28 02:11:05] Training still running. GPU: 71, 98, 6881, 8151, 54.91
[2026-04-28 02:12:05] Training still running. GPU: 72, 98, 6881, 8151, 54.90
[2026-04-28 02:13:05] Training still running. GPU: 72, 97, 6881, 8151, 54.94
[2026-04-28 02:14:05] Training still running. GPU: 72, 98, 6881, 8151, 54.90
[2026-04-28 02:15:05] Training still running. GPU: 72, 97, 6881, 8151, 54.95
[2026-04-28 02:16:05] Training still running. GPU: 72, 100, 6881, 8151, 54.83
[2026-04-28 02:17:05] Training still running. GPU: 72, 99, 6881, 8151, 54.84
[2026-04-28 02:18:05] Training still running. GPU: 71, 100, 6881, 8151, 54.33
[2026-04-28 02:19:05] Training still running. GPU: 71, 85, 6881, 8151, 54.69
[2026-04-28 02:20:05] Training still running. GPU: 71, 100, 6881, 8151, 55.15
[2026-04-28 02:21:05] Training still running. GPU: 72, 97, 6881, 8151, 54.87
[2026-04-28 02:22:05] Training still running. GPU: 72, 100, 6881, 8151, 54.83
[2026-04-28 02:23:05] Training still running. GPU: 72, 97, 6881, 8151, 54.75
[2026-04-28 02:24:05] Training still running. GPU: 72, 100, 6881, 8151, 54.99
[2026-04-28 02:25:05] Training still running. GPU: 72, 99, 6881, 8151, 54.93
[2026-04-28 02:26:05] Training still running. GPU: 64, 0, 6881, 8151, 7.77
[2026-04-28 02:27:05] Training still running. GPU: 72, 91, 6881, 8151, 55.24
[2026-04-28 02:28:05] Training still running. GPU: 73, 87, 6881, 8151, 54.84
[2026-04-28 02:29:05] Training still running. GPU: 71, 98, 6881, 8151, 54.89
[2026-04-28 02:30:05] Training still running. GPU: 72, 98, 6881, 8151, 54.80
[2026-04-28 02:31:05] Training still running. GPU: 72, 100, 6881, 8151, 54.94
[2026-04-28 02:32:05] Training still running. GPU: 72, 98, 6881, 8151, 54.79
[2026-04-28 02:33:05] Training still running. GPU: 72, 100, 6881, 8151, 54.80
[2026-04-28 02:34:05] Training still running. GPU: 72, 100, 6881, 8151, 55.17
[2026-04-28 02:35:05] Training still running. GPU: 71, 87, 6881, 8151, 54.28
[2026-04-28 02:36:05] Training still running. GPU: 70, 94, 6881, 8151, 54.63
[2026-04-28 02:37:05] Training still running. GPU: 73, 97, 6881, 8151, 55.05
[2026-04-28 02:38:05] Training still running. GPU: 71, 100, 6881, 8151, 55.10
[2026-04-28 02:39:05] Training still running. GPU: 70, 85, 6881, 8151, 54.03
[2026-04-28 02:40:05] Training process ended.
[2026-04-28 02:40:05] Syncing disk...
[2026-04-28 02:40:05] Shutting down laptop now.
